<?xml version="1.0" encoding="UTF-8"?>
<testng-results ignored="0" total="1" passed="1" failed="0" skipped="0">
  <reporter-output>
  </reporter-output>
  <suite started-at="2023-04-16T16:15:49 MESZ" name="Default suite" finished-at="2023-04-16T16:16:09 MESZ" duration-ms="19681">
    <groups>
    </groups>
    <test started-at="2023-04-16T16:15:49 MESZ" name="Default test" finished-at="2023-04-16T16:16:09 MESZ" duration-ms="19681">
      <class name="BenzApplicationTests.BenzApplicationTest">
        <test-method is-config="true" signature="setUp()[pri:0, instance:BenzApplicationTests.BenzApplicationTest@795509d9]" started-at="2023-04-16T16:15:49 MESZ" name="setUp" finished-at="2023-04-16T16:15:53 MESZ" duration-ms="3636" status="PASS">
          <reporter-output>
          </reporter-output>
        </test-method> <!-- setUp -->
        <test-method signature="login()[pri:0, instance:BenzApplicationTests.BenzApplicationTest@795509d9]" started-at="2023-04-16T16:15:53 MESZ" name="login" finished-at="2023-04-16T16:16:09 MESZ" duration-ms="15898" status="PASS">
          <reporter-output>
          </reporter-output>
        </test-method> <!-- login -->
        <test-method is-config="true" signature="close()[pri:0, instance:BenzApplicationTests.BenzApplicationTest@795509d9]" started-at="2023-04-16T16:16:09 MESZ" name="close" finished-at="2023-04-16T16:16:09 MESZ" duration-ms="112" status="PASS">
          <reporter-output>
          </reporter-output>
        </test-method> <!-- close -->
      </class> <!-- BenzApplicationTests.BenzApplicationTest -->
    </test> <!-- Default test -->
  </suite> <!-- Default suite -->
</testng-results>
