<?xml version="1.0" encoding="UTF-8"?>
<testng-results ignored="0" total="1" passed="1" failed="0" skipped="0">
  <reporter-output>
  </reporter-output>
  <suite started-at="2023-04-16T18:00:26 MESZ" name="Default suite" finished-at="2023-04-16T18:00:47 MESZ" duration-ms="21700">
    <groups>
    </groups>
    <test started-at="2023-04-16T18:00:26 MESZ" name="Default test" finished-at="2023-04-16T18:00:47 MESZ" duration-ms="21700">
      <class name="BenzApplicationTests.BenzApplicationTest">
        <test-method is-config="true" signature="setUp()[pri:0, instance:BenzApplicationTests.BenzApplicationTest@74d1dc36]" started-at="2023-04-16T18:00:26 MESZ" name="setUp" finished-at="2023-04-16T18:00:30 MESZ" duration-ms="3913" status="PASS">
          <reporter-output>
          </reporter-output>
        </test-method> <!-- setUp -->
        <test-method signature="login()[pri:0, instance:BenzApplicationTests.BenzApplicationTest@74d1dc36]" started-at="2023-04-16T18:00:30 MESZ" name="login" finished-at="2023-04-16T18:00:47 MESZ" duration-ms="17509" status="PASS">
          <reporter-output>
          </reporter-output>
        </test-method> <!-- login -->
        <test-method is-config="true" signature="close()[pri:0, instance:BenzApplicationTests.BenzApplicationTest@74d1dc36]" started-at="2023-04-16T18:00:47 MESZ" name="close" finished-at="2023-04-16T18:00:47 MESZ" duration-ms="235" status="PASS">
          <reporter-output>
          </reporter-output>
        </test-method> <!-- close -->
      </class> <!-- BenzApplicationTests.BenzApplicationTest -->
    </test> <!-- Default test -->
  </suite> <!-- Default suite -->
</testng-results>
